build/app/intermediates/manifest_merge_blame_file/debug/manifest-merger-blame-debug-report.txt
1<?xml version="1.0" encoding="utf-8"?>
2<manifest xmlns:android="http://schemas.android.com/apk/res/android"
3    package="com.delivery.thiago.delivery_thiago"
4    android:versionCode="1"
5    android:versionName="1.0.0" >
6
7    <uses-sdk
8        android:minSdkVersion="19"
9        android:targetSdkVersion="33" />
10    <!--
11         The INTERNET permission is required for development. Specifically,
12         the Flutter tool needs it to communicate with the running application
13         to allow setting breakpoints, to provide hot reload, etc.
14    -->
15    <uses-permission android:name="android.permission.INTERNET" />
15-->src/debug/AndroidManifest.xml:7:5-66
15-->src/debug/AndroidManifest.xml:7:22-64
16    <uses-permission android:name="android.permission.ACCESS_COARSE_LOCATION" />
16-->[:location] AndroidManifest.xml:9:5-81
16-->[:location] AndroidManifest.xml:9:22-78
17    <uses-permission android:name="android.permission.ACCESS_FINE_LOCATION" />
17-->[:location] AndroidManifest.xml:10:5-79
17-->[:location] AndroidManifest.xml:10:22-76
18    <uses-permission android:name="android.permission.ACCESS_NETWORK_STATE" />
18-->[com.google.firebase:firebase-auth:21.3.0] AndroidManifest.xml:26:5-79
18-->[com.google.firebase:firebase-auth:21.3.0] AndroidManifest.xml:26:22-76
19
20    <application
21        android:name="android.app.Application"
22        android:appComponentFactory="androidx.core.app.CoreComponentFactory"
22-->[androidx.core:core:1.6.0] AndroidManifest.xml:24:18-86
23        android:debuggable="true"
24        android:icon="@mipmap/ic_launcher"
25        android:label="delivery_thiago" >
26        <activity
27            android:name="com.delivery.thiago.delivery_thiago.MainActivity"
28            android:configChanges="orientation|keyboardHidden|keyboard|screenSize|smallestScreenSize|locale|layoutDirection|fontScale|screenLayout|density|uiMode"
29            android:exported="true"
30            android:hardwareAccelerated="true"
31            android:launchMode="singleTop"
32            android:theme="@style/LaunchTheme"
33            android:windowSoftInputMode="adjustResize" >
34
35            <!--
36                 Specifies an Android theme to apply to this Activity as soon as
37                 the Android process has started. This theme is visible to the user
38                 while the Flutter UI initializes. After that, this theme continues
39                 to determine the Window background behind the Flutter UI.
40            -->
41            <meta-data
42                android:name="io.flutter.embedding.android.NormalTheme"
43                android:resource="@style/NormalTheme" />
44
45            <intent-filter>
46                <action android:name="android.intent.action.MAIN" />
47
48                <category android:name="android.intent.category.LAUNCHER" />
49            </intent-filter>
50        </activity>
51        <!--
52             Don't delete the meta-data below.
53             This is used by the Flutter tool to generate GeneratedPluginRegistrant.java
54        -->
55        <meta-data
56            android:name="flutterEmbedding"
57            android:value="2" />
58
59        <service
59-->[:firebase_auth] AndroidManifest.xml:10:9-14:19
60            android:name="com.google.firebase.components.ComponentDiscoveryService"
60-->[:firebase_auth] AndroidManifest.xml:10:18-89
61            android:directBootAware="true"
61-->[com.google.firebase:firebase-common:20.3.2] AndroidManifest.xml:34:13-43
62            android:exported="false" >
62-->[com.google.firebase:firebase-auth:21.3.0] AndroidManifest.xml:68:13-37
63            <meta-data
63-->[:firebase_auth] AndroidManifest.xml:11:13-13:85
64                android:name="com.google.firebase.components:io.flutter.plugins.firebase.auth.FlutterFirebaseAuthRegistrar"
64-->[:firebase_auth] AndroidManifest.xml:12:17-124
65                android:value="com.google.firebase.components.ComponentRegistrar" />
65-->[:firebase_auth] AndroidManifest.xml:13:17-82
66            <meta-data
66-->[:firebase_storage] AndroidManifest.xml:11:13-13:85
67                android:name="com.google.firebase.components:io.flutter.plugins.firebase.storage.FlutterFirebaseAppRegistrar"
67-->[:firebase_storage] AndroidManifest.xml:12:17-126
68                android:value="com.google.firebase.components.ComponentRegistrar" />
68-->[:firebase_storage] AndroidManifest.xml:13:17-82
69            <meta-data
69-->[:cloud_firestore] AndroidManifest.xml:11:13-13:85
70                android:name="com.google.firebase.components:io.flutter.plugins.firebase.firestore.FlutterFirebaseFirestoreRegistrar"
70-->[:cloud_firestore] AndroidManifest.xml:12:17-134
71                android:value="com.google.firebase.components.ComponentRegistrar" />
71-->[:cloud_firestore] AndroidManifest.xml:13:17-82
72            <meta-data
72-->[:firebase_core] AndroidManifest.xml:11:13-13:85
73                android:name="com.google.firebase.components:io.flutter.plugins.firebase.core.FlutterFirebaseCoreRegistrar"
73-->[:firebase_core] AndroidManifest.xml:12:17-124
74                android:value="com.google.firebase.components.ComponentRegistrar" />
74-->[:firebase_core] AndroidManifest.xml:13:17-82
75            <meta-data
75-->[com.google.firebase:firebase-auth:21.3.0] AndroidManifest.xml:69:13-71:85
76                android:name="com.google.firebase.components:com.google.firebase.auth.FirebaseAuthRegistrar"
76-->[com.google.firebase:firebase-auth:21.3.0] AndroidManifest.xml:70:17-109
77                android:value="com.google.firebase.components.ComponentRegistrar" />
77-->[com.google.firebase:firebase-auth:21.3.0] AndroidManifest.xml:71:17-82
78            <meta-data
78-->[com.google.firebase:firebase-firestore:24.5.0] AndroidManifest.xml:19:13-21:85
79                android:name="com.google.firebase.components:com.google.firebase.firestore.FirestoreRegistrar"
79-->[com.google.firebase:firebase-firestore:24.5.0] AndroidManifest.xml:20:17-111
80                android:value="com.google.firebase.components.ComponentRegistrar" />
80-->[com.google.firebase:firebase-firestore:24.5.0] AndroidManifest.xml:21:17-82
81            <meta-data
81-->[com.google.firebase:firebase-storage:20.1.0] AndroidManifest.xml:32:13-34:85
82                android:name="com.google.firebase.components:com.google.firebase.storage.StorageRegistrar"
82-->[com.google.firebase:firebase-storage:20.1.0] AndroidManifest.xml:33:17-107
83                android:value="com.google.firebase.components.ComponentRegistrar" />
83-->[com.google.firebase:firebase-storage:20.1.0] AndroidManifest.xml:34:17-82
84        </service>
85
86        <activity
86-->[:url_launcher_android] AndroidManifest.xml:10:9-13:74
87            android:name="io.flutter.plugins.urllauncher.WebViewActivity"
87-->[:url_launcher_android] AndroidManifest.xml:11:13-74
88            android:exported="false"
88-->[:url_launcher_android] AndroidManifest.xml:12:13-37
89            android:theme="@android:style/Theme.NoTitleBar.Fullscreen" />
89-->[:url_launcher_android] AndroidManifest.xml:13:13-71
90
91        <service
91-->[:location] AndroidManifest.xml:13:9-17:56
92            android:name="com.lyokone.location.FlutterLocationService"
92-->[:location] AndroidManifest.xml:14:13-71
93            android:enabled="true"
93-->[:location] AndroidManifest.xml:15:13-35
94            android:exported="false"
94-->[:location] AndroidManifest.xml:16:13-37
95            android:foregroundServiceType="location" />
95-->[:location] AndroidManifest.xml:17:13-53
96
97        <activity
97-->[com.google.firebase:firebase-auth:21.3.0] AndroidManifest.xml:29:9-46:20
98            android:name="com.google.firebase.auth.internal.GenericIdpActivity"
98-->[com.google.firebase:firebase-auth:21.3.0] AndroidManifest.xml:30:13-80
99            android:excludeFromRecents="true"
99-->[com.google.firebase:firebase-auth:21.3.0] AndroidManifest.xml:31:13-46
100            android:exported="true"
100-->[com.google.firebase:firebase-auth:21.3.0] AndroidManifest.xml:32:13-36
101            android:launchMode="singleTask"
101-->[com.google.firebase:firebase-auth:21.3.0] AndroidManifest.xml:33:13-44
102            android:theme="@android:style/Theme.Translucent.NoTitleBar" >
102-->[com.google.firebase:firebase-auth:21.3.0] AndroidManifest.xml:34:13-72
103            <intent-filter>
103-->[com.google.firebase:firebase-auth:21.3.0] AndroidManifest.xml:35:13-45:29
104                <action android:name="android.intent.action.VIEW" />
104-->[com.google.firebase:firebase-auth:21.3.0] AndroidManifest.xml:36:17-69
104-->[com.google.firebase:firebase-auth:21.3.0] AndroidManifest.xml:36:25-66
105
106                <category android:name="android.intent.category.DEFAULT" />
106-->[com.google.firebase:firebase-auth:21.3.0] AndroidManifest.xml:38:17-76
106-->[com.google.firebase:firebase-auth:21.3.0] AndroidManifest.xml:38:27-73
107                <category android:name="android.intent.category.BROWSABLE" />
107-->[com.google.firebase:firebase-auth:21.3.0] AndroidManifest.xml:39:17-78
107-->[com.google.firebase:firebase-auth:21.3.0] AndroidManifest.xml:39:27-75
108
109                <data
109-->[com.google.firebase:firebase-auth:21.3.0] AndroidManifest.xml:41:17-44:51
110                    android:host="firebase.auth"
110-->[com.google.firebase:firebase-auth:21.3.0] AndroidManifest.xml:42:21-49
111                    android:path="/"
111-->[com.google.firebase:firebase-auth:21.3.0] AndroidManifest.xml:43:21-37
112                    android:scheme="genericidp" />
112-->[com.google.firebase:firebase-auth:21.3.0] AndroidManifest.xml:44:21-48
113            </intent-filter>
114        </activity>
115        <activity
115-->[com.google.firebase:firebase-auth:21.3.0] AndroidManifest.xml:47:9-64:20
116            android:name="com.google.firebase.auth.internal.RecaptchaActivity"
116-->[com.google.firebase:firebase-auth:21.3.0] AndroidManifest.xml:48:13-79
117            android:excludeFromRecents="true"
117-->[com.google.firebase:firebase-auth:21.3.0] AndroidManifest.xml:49:13-46
118            android:exported="true"
118-->[com.google.firebase:firebase-auth:21.3.0] AndroidManifest.xml:50:13-36
119            android:launchMode="singleTask"
119-->[com.google.firebase:firebase-auth:21.3.0] AndroidManifest.xml:51:13-44
120            android:theme="@android:style/Theme.Translucent.NoTitleBar" >
120-->[com.google.firebase:firebase-auth:21.3.0] AndroidManifest.xml:52:13-72
121            <intent-filter>
121-->[com.google.firebase:firebase-auth:21.3.0] AndroidManifest.xml:53:13-63:29
122                <action android:name="android.intent.action.VIEW" />
122-->[com.google.firebase:firebase-auth:21.3.0] AndroidManifest.xml:36:17-69
122-->[com.google.firebase:firebase-auth:21.3.0] AndroidManifest.xml:36:25-66
123
124                <category android:name="android.intent.category.DEFAULT" />
124-->[com.google.firebase:firebase-auth:21.3.0] AndroidManifest.xml:38:17-76
124-->[com.google.firebase:firebase-auth:21.3.0] AndroidManifest.xml:38:27-73
125                <category android:name="android.intent.category.BROWSABLE" />
125-->[com.google.firebase:firebase-auth:21.3.0] AndroidManifest.xml:39:17-78
125-->[com.google.firebase:firebase-auth:21.3.0] AndroidManifest.xml:39:27-75
126
127                <data
127-->[com.google.firebase:firebase-auth:21.3.0] AndroidManifest.xml:41:17-44:51
128                    android:host="firebase.auth"
128-->[com.google.firebase:firebase-auth:21.3.0] AndroidManifest.xml:42:21-49
129                    android:path="/"
129-->[com.google.firebase:firebase-auth:21.3.0] AndroidManifest.xml:43:21-37
130                    android:scheme="recaptcha" />
130-->[com.google.firebase:firebase-auth:21.3.0] AndroidManifest.xml:44:21-48
131            </intent-filter>
132        </activity>
133
134        <uses-library
134-->[androidx.window:window:1.0.0-beta04] AndroidManifest.xml:25:9-27:40
135            android:name="androidx.window.extensions"
135-->[androidx.window:window:1.0.0-beta04] AndroidManifest.xml:26:13-54
136            android:required="false" />
136-->[androidx.window:window:1.0.0-beta04] AndroidManifest.xml:27:13-37
137        <uses-library
137-->[androidx.window:window:1.0.0-beta04] AndroidManifest.xml:28:9-30:40
138            android:name="androidx.window.sidecar"
138-->[androidx.window:window:1.0.0-beta04] AndroidManifest.xml:29:13-51
139            android:required="false" />
139-->[androidx.window:window:1.0.0-beta04] AndroidManifest.xml:30:13-37
140
141        <provider
141-->[com.google.firebase:firebase-common:20.3.2] AndroidManifest.xml:25:9-30:39
142            android:name="com.google.firebase.provider.FirebaseInitProvider"
142-->[com.google.firebase:firebase-common:20.3.2] AndroidManifest.xml:26:13-77
143            android:authorities="com.delivery.thiago.delivery_thiago.firebaseinitprovider"
143-->[com.google.firebase:firebase-common:20.3.2] AndroidManifest.xml:27:13-72
144            android:directBootAware="true"
144-->[com.google.firebase:firebase-common:20.3.2] AndroidManifest.xml:28:13-43
145            android:exported="false"
145-->[com.google.firebase:firebase-common:20.3.2] AndroidManifest.xml:29:13-37
146            android:initOrder="100" />
146-->[com.google.firebase:firebase-common:20.3.2] AndroidManifest.xml:30:13-36
147
148        <activity
148-->[com.google.android.gms:play-services-auth:20.5.0] AndroidManifest.xml:23:9-27:75
149            android:name="com.google.android.gms.auth.api.signin.internal.SignInHubActivity"
149-->[com.google.android.gms:play-services-auth:20.5.0] AndroidManifest.xml:24:13-93
150            android:excludeFromRecents="true"
150-->[com.google.android.gms:play-services-auth:20.5.0] AndroidManifest.xml:25:13-46
151            android:exported="false"
151-->[com.google.android.gms:play-services-auth:20.5.0] AndroidManifest.xml:26:13-37
152            android:theme="@android:style/Theme.Translucent.NoTitleBar" />
152-->[com.google.android.gms:play-services-auth:20.5.0] AndroidManifest.xml:27:13-72
153        <!--
154            Service handling Google Sign-In user revocation. For apps that do not integrate with
155            Google Sign-In, this service will never be started.
156        -->
157        <service
157-->[com.google.android.gms:play-services-auth:20.5.0] AndroidManifest.xml:33:9-37:51
158            android:name="com.google.android.gms.auth.api.signin.RevocationBoundService"
158-->[com.google.android.gms:play-services-auth:20.5.0] AndroidManifest.xml:34:13-89
159            android:exported="true"
159-->[com.google.android.gms:play-services-auth:20.5.0] AndroidManifest.xml:35:13-36
160            android:permission="com.google.android.gms.auth.api.signin.permission.REVOCATION_NOTIFICATION"
160-->[com.google.android.gms:play-services-auth:20.5.0] AndroidManifest.xml:36:13-107
161            android:visibleToInstantApps="true" />
161-->[com.google.android.gms:play-services-auth:20.5.0] AndroidManifest.xml:37:13-48
162
163        <activity
163-->[com.google.android.gms:play-services-base:18.0.1] AndroidManifest.xml:20:9-22:45
164            android:name="com.google.android.gms.common.api.GoogleApiActivity"
164-->[com.google.android.gms:play-services-base:18.0.1] AndroidManifest.xml:20:19-85
165            android:exported="false"
165-->[com.google.android.gms:play-services-base:18.0.1] AndroidManifest.xml:22:19-43
166            android:theme="@android:style/Theme.Translucent.NoTitleBar" />
166-->[com.google.android.gms:play-services-base:18.0.1] AndroidManifest.xml:21:19-78
167
168        <meta-data
168-->[com.google.android.gms:play-services-basement:18.2.0] AndroidManifest.xml:21:9-23:69
169            android:name="com.google.android.gms.version"
169-->[com.google.android.gms:play-services-basement:18.2.0] AndroidManifest.xml:22:13-58
170            android:value="@integer/google_play_services_version" />
170-->[com.google.android.gms:play-services-basement:18.2.0] AndroidManifest.xml:23:13-66
171    </application>
172
173</manifest>